<?xml version="1.0" encoding="UTF-8"?>
<!-- Generated by org.testng.reporters.JUnitReportReporter -->
<testsuite hostname="DESKTOP-EHCAT36" failures="0" tests="1" name="com.naukri.testscript.UploadResume" time="18.254" errors="0" timestamp="2020-09-18T13:36:23 IST" skipped="0">
  <testcase classname="com.naukri.testscript.UploadResume" name="uploadResume" time="18.254"/>
  <system-out/>
</testsuite> <!-- com.naukri.testscript.UploadResume -->
