<?xml version="1.0" encoding="UTF-8"?>
<!-- Generated by org.testng.reporters.JUnitReportReporter -->
<testsuite hostname="DESKTOP-EHCAT36" failures="0" tests="1" name="com.naukri.testscript.UploadResume" time="8.865" errors="0" timestamp="2020-11-23T18:01:36 IST" skipped="0">
  <testcase classname="com.naukri.testscript.UploadResume" name="uploadResume" time="8.865"/>
  <system-out/>
</testsuite> <!-- com.naukri.testscript.UploadResume -->
